<?xml version="1.0" encoding="UTF-8"?>
<testng-results skipped="0" failed="0" ignored="0" total="1" passed="1">
  <reporter-output>
  </reporter-output>
  <suite name="Suite" duration-ms="26" started-at="2019-06-24T11:13:29Z" finished-at="2019-06-24T11:13:29Z">
    <groups>
    </groups>
    <test name="Test" duration-ms="26" started-at="2019-06-24T11:13:29Z" finished-at="2019-06-24T11:13:29Z">
      <class name="qaclickacademy.RestApiTest">
        <test-method status="PASS" signature="APITest()[pri:0, instance:qaclickacademy.RestApiTest@34b7bfc0]" name="APITest" duration-ms="6" started-at="2019-06-24T11:13:29Z" finished-at="2019-06-24T11:13:29Z">
          <reporter-output>
          </reporter-output>
        </test-method> <!-- APITest -->
      </class> <!-- qaclickacademy.RestApiTest -->
    </test> <!-- Test -->
  </suite> <!-- Suite -->
</testng-results>
