<?xml version="1.0" encoding="UTF-8"?>
<testng-results skipped="0" failed="0" ignored="0" total="1" passed="1">
  <reporter-output>
  </reporter-output>
  <suite name="Default suite" duration-ms="31" started-at="2019-08-29T12:58:10Z" finished-at="2019-08-29T12:58:10Z">
    <groups>
    </groups>
    <test name="Default test" duration-ms="31" started-at="2019-08-29T12:58:10Z" finished-at="2019-08-29T12:58:10Z">
      <class name="qaclickacademy.RestApiTest">
        <test-method status="PASS" signature="APITest()[pri:0, instance:qaclickacademy.RestApiTest@475530b9]" name="APITest" duration-ms="10" started-at="2019-08-29T12:58:10Z" finished-at="2019-08-29T12:58:10Z">
          <reporter-output>
          </reporter-output>
        </test-method> <!-- APITest -->
      </class> <!-- qaclickacademy.RestApiTest -->
    </test> <!-- Default test -->
  </suite> <!-- Default suite -->
</testng-results>
